<?xml version="1.0" encoding="UTF-8"?>
<!-- Generated by org.testng.reporters.JUnitReportReporter -->
<testsuite skipped="0" hostname="san3149591" name="com.freenow.testcases.TC01_Users" tests="1" failures="0" timestamp="01 Feb 2020 16:16:15 GMT" time="4.053" errors="0">
  <testcase name="verifyToGetUserID" time="4.053" classname="com.freenow.testcases.TC01_Users"/>
</testsuite> <!-- com.freenow.testcases.TC01_Users -->
