<?xml version="1.0" encoding="UTF-8"?>
<!-- Generated by org.testng.reporters.JUnitReportReporter -->
<testsuite skipped="0" hostname="san3149591" name="com.freenow.testcases.TC03_Comments" tests="1" failures="0" timestamp="02 Feb 2020 10:34:26 GMT" time="7.929" errors="0">
  <testcase name="verifyToGetCommentsOnUserEachPost" time="7.929" classname="com.freenow.testcases.TC03_Comments"/>
</testsuite> <!-- com.freenow.testcases.TC03_Comments -->
