<?xml version="1.0" encoding="UTF-8"?>
<!-- Generated by org.testng.reporters.JUnitReportReporter -->
<testsuite skipped="0" hostname="san3149591" name="com.freenow.testcases.TC03_Comments" tests="2" failures="0" timestamp="03 Feb 2020 07:12:23 GMT" time="47.833" errors="0">
  <testcase name="verifyToGetCommentsOnUserEachPost" time="17.430" classname="com.freenow.testcases.TC03_Comments"/>
  <testcase name="createNewComment" time="30.403" classname="com.freenow.testcases.TC03_Comments"/>
</testsuite> <!-- com.freenow.testcases.TC03_Comments -->
