<?xml version="1.0" encoding="UTF-8"?>
<!-- Generated by org.testng.reporters.JUnitReportReporter -->
<testsuite skipped="0" hostname="san3149591" name="com.freenow.testcases.TC01_Posts" tests="2" failures="0" timestamp="01 Feb 2020 16:31:00 GMT" time="4.873" errors="0">
  <testcase name="verifyToGetUserID" time="3.560" classname="com.freenow.testcases.TC01_Posts"/>
  <testcase name="verifyToGetPostIds" time="1.313" classname="com.freenow.testcases.TC01_Posts"/>
</testsuite> <!-- com.freenow.testcases.TC01_Posts -->
