<?xml version="1.0" encoding="UTF-8"?>
<!-- Generated by org.testng.reporters.JUnitReportReporter -->
<testsuite skipped="0" hostname="san3149591" name="com.freenow.testcases.TC01_User" tests="1" failures="0" timestamp="29 Jan 2020 11:06:37 GMT" time="0.017" errors="0">
  <testcase name="readConfigFile" time="0.017" classname="com.freenow.testcases.TC01_User"/>
</testsuite> <!-- com.freenow.testcases.TC01_User -->
