<?xml version="1.0" encoding="UTF-8"?>
<!-- Generated by org.testng.reporters.JUnitReportReporter -->
<testsuite skipped="0" hostname="san3149591" name="com.freenow.testcases.TC01_Users" tests="3" failures="0" timestamp="02 Feb 2020 06:27:11 GMT" time="9.746" errors="0">
  <testcase name="verifyToGetUserID" time="7.060" classname="com.freenow.testcases.TC01_Users"/>
  <testcase name="verifyToUserEmailAddress" time="0.729" classname="com.freenow.testcases.TC01_Users"/>
  <testcase name="createNewUser" time="1.957" classname="com.freenow.testcases.TC01_Users"/>
</testsuite> <!-- com.freenow.testcases.TC01_Users -->
