<?xml version="1.0" encoding="UTF-8"?>
<!-- Generated by org.testng.reporters.JUnitReportReporter -->
<testsuite skipped="0" hostname="san3149591" name="com.freenow.testcases.TC01_Posts" tests="2" failures="0" timestamp="02 Feb 2020 07:25:44 GMT" time="9.596" errors="0">
  <testcase name="verifyToGetPostIds" time="8.073" classname="com.freenow.testcases.TC01_Posts"/>
  <testcase name="createNewUser" time="1.523" classname="com.freenow.testcases.TC01_Posts"/>
</testsuite> <!-- com.freenow.testcases.TC01_Posts -->
