<?xml version="1.0" encoding="UTF-8"?>
<!-- Generated by org.testng.reporters.JUnitReportReporter -->
<testsuite skipped="0" hostname="san3149591" name="com.freenow.testcases.TC01_Comments" tests="3" failures="0" timestamp="01 Feb 2020 17:19:56 GMT" time="11.129" errors="0">
  <testcase name="verifyToGetUserID" time="3.507" classname="com.freenow.testcases.TC01_Comments"/>
  <testcase name="verifyToGetPostIds" time="0.684" classname="com.freenow.testcases.TC01_Comments"/>
  <testcase name="verifyToGetCommentsOnUserEachPost" time="6.938" classname="com.freenow.testcases.TC01_Comments"/>
</testsuite> <!-- com.freenow.testcases.TC01_Comments -->
