<?xml version="1.0" encoding="UTF-8"?>
<!-- Generated by org.testng.reporters.JUnitReportReporter -->
<testsuite skipped="0" hostname="san3149591" name="com.freenow.testcases.TC01_Posts" tests="1" failures="0" timestamp="02 Feb 2020 10:28:46 GMT" time="7.730" errors="0">
  <testcase name="verifyToGetPostIds" time="7.730" classname="com.freenow.testcases.TC01_Posts"/>
</testsuite> <!-- com.freenow.testcases.TC01_Posts -->
