<?xml version="1.0" encoding="UTF-8"?>
<!-- Generated by org.testng.reporters.JUnitReportReporter -->
<testsuite skipped="0" hostname="san3149591" name="com.freenow.testcases.TC02_Posts" tests="2" failures="0" timestamp="02 Feb 2020 10:34:26 GMT" time="2.217" errors="0">
  <testcase name="verifyToGetPostIds" time="1.179" classname="com.freenow.testcases.TC02_Posts"/>
  <testcase name="createNewUser" time="1.038" classname="com.freenow.testcases.TC02_Posts"/>
</testsuite> <!-- com.freenow.testcases.TC02_Posts -->
