<?xml version="1.0" encoding="UTF-8"?>
<!-- Generated by org.testng.reporters.JUnitReportReporter -->
<testsuite skipped="0" hostname="san3149591" name="com.freenow.testcases.TC01_Users" tests="2" failures="0" timestamp="02 Feb 2020 04:39:49 GMT" time="7.902" errors="0">
  <testcase name="verifyToGetUserID" time="7.257" classname="com.freenow.testcases.TC01_Users"/>
  <testcase name="verifyToUserEmailAddress" time="0.645" classname="com.freenow.testcases.TC01_Users"/>
</testsuite> <!-- com.freenow.testcases.TC01_Users -->
