<?xml version="1.0" encoding="UTF-8"?>
<!-- Generated by org.testng.reporters.JUnitReportReporter -->
<testsuite skipped="0" hostname="san3149591" name="com.freenow.testcases.TC03_Comments" tests="2" failures="0" timestamp="02 Feb 2020 16:55:55 GMT" time="53.061" errors="0">
  <testcase name="verifyToGetCommentsOnUserEachPost" time="16.390" classname="com.freenow.testcases.TC03_Comments"/>
  <testcase name="createNewComment" time="36.671" classname="com.freenow.testcases.TC03_Comments"/>
</testsuite> <!-- com.freenow.testcases.TC03_Comments -->
