<?xml version="1.0" encoding="UTF-8"?>
<!-- Generated by org.testng.reporters.JUnitReportReporter -->
<testsuite skipped="0" hostname="san3149591" name="com.freenow.testcases.TC01_Comments" tests="1" failures="0" timestamp="02 Feb 2020 08:11:46 GMT" time="13.360" errors="0">
  <testcase name="verifyToGetCommentsOnUserEachPost" time="13.360" classname="com.freenow.testcases.TC01_Comments"/>
</testsuite> <!-- com.freenow.testcases.TC01_Comments -->
