<?xml version="1.0" encoding="UTF-8"?>
<!-- Generated by org.testng.reporters.JUnitReportReporter -->
<testsuite skipped="0" hostname="san3149591" name="com.freenow.testcases.TC01_Users" tests="3" failures="0" timestamp="2020-02-02T16:22:57 IST" time="7.325" errors="0">
  <testcase name="verifyToGetUserID" time="4.593" classname="com.freenow.testcases.TC01_Users"/>
  <testcase name="verifyToUserEmailAddress" time="1.054" classname="com.freenow.testcases.TC01_Users"/>
  <testcase name="createNewUser" time="1.678" classname="com.freenow.testcases.TC01_Users"/>
</testsuite> <!-- com.freenow.testcases.TC01_Users -->
