<?xml version="1.0" encoding="UTF-8"?>
<!-- Generated by org.testng.reporters.JUnitReportReporter -->
<testsuite skipped="0" hostname="san3149591" name="com.freenow.testcases.TC03_Comments" tests="2" failures="0" timestamp="2020-02-03T15:14:24 IST" time="43.875" errors="0">
  <testcase name="verifyToGetCommentsOnUserEachPost" time="7.854" classname="com.freenow.testcases.TC03_Comments"/>
  <testcase name="createNewComment" time="36.021" classname="com.freenow.testcases.TC03_Comments"/>
</testsuite> <!-- com.freenow.testcases.TC03_Comments -->
