<?xml version="1.0" encoding="UTF-8"?>
<!-- Generated by org.testng.reporters.JUnitReportReporter -->
<testsuite skipped="0" hostname="san3149591" name="com.freenow.testcases.TC02_Posts" tests="2" failures="0" timestamp="2020-02-02T16:45:34 IST" time="2.791" errors="0">
  <testcase name="verifyToGetPostIds" time="1.352" classname="com.freenow.testcases.TC02_Posts"/>
  <testcase name="createNewUser" time="1.439" classname="com.freenow.testcases.TC02_Posts"/>
</testsuite> <!-- com.freenow.testcases.TC02_Posts -->
