<?xml version="1.0" encoding="UTF-8"?>
<!-- Generated by org.testng.reporters.JUnitReportReporter -->
<testsuite skipped="0" hostname="san3149591" name="com.freenow.testcases.TC03_Comments" tests="1" failures="0" timestamp="2020-02-02T16:45:34 IST" time="7.412" errors="0">
  <testcase name="verifyToGetCommentsOnUserEachPost" time="7.412" classname="com.freenow.testcases.TC03_Comments"/>
</testsuite> <!-- com.freenow.testcases.TC03_Comments -->
